<?xml version="1.0" encoding="UTF-8"?>
<!-- Generated by org.testng.reporters.JUnitReportReporter -->
<testsuite hostname="DESKTOP-IQUBR8Q" failures="0" tests="8" name="org.lastfm.project.LastFm" time="119.703" errors="0" timestamp="2023-04-25T22:14:54 IST" skipped="0">
  <testcase classname="org.lastfm.project.LastFm" name="LastfmFakeLoginTest" time="3.853"/>
  <system-out/>
  <testcase classname="org.lastfm.project.LastFm" name="LastfmLoginTest" time="50.644"/>
  <system-out/>
  <testcase classname="org.lastfm.project.LastFm" name="LastfmLoginTestCheck" time="4.162"/>
  <system-out/>
  <testcase classname="org.lastfm.project.LastFm" name="LastfmAddPlaylistTest" time="18.205"/>
  <system-out/>
  <testcase classname="org.lastfm.project.LastFm" name="LastfmEditDetailsOfPlayList" time="6.342"/>
  <system-out/>
  <testcase classname="org.lastfm.project.LastFm" name="AddTrackInPlaylist" time="19.874"/>
  <system-out/>
  <testcase classname="org.lastfm.project.LastFm" name="RemoveSongFromPlaylist" time="11.332"/>
  <system-out/>
  <testcase classname="org.lastfm.project.LastFm" name="DeletePlaylist" time="5.291"/>
  <system-out/>
</testsuite> <!-- org.lastfm.project.LastFm -->
