<?xml version="1.0" encoding="UTF-8"?>
<!-- Generated by org.testng.reporters.JUnitReportReporter -->
<testsuite hostname="LAPTOP-NB7G8SV3" failures="0" tests="8" name="org.lastfm.project.LastFm" time="117.161" errors="0" timestamp="2023-04-28T09:26:17 IST" skipped="0">
  <testcase classname="org.lastfm.project.LastFm" name="LastfmFakeLoginTest" time="3.868"/>
  <system-out/>
  <testcase classname="org.lastfm.project.LastFm" name="LastfmLoginTest" time="38.959"/>
  <system-out/>
  <testcase classname="org.lastfm.project.LastFm" name="LastfmLoginTestCheck" time="4.197"/>
  <system-out/>
  <testcase classname="org.lastfm.project.LastFm" name="LastfmAddPlaylistTest" time="27.347"/>
  <system-out/>
  <testcase classname="org.lastfm.project.LastFm" name="LastfmEditDetailsOfPlayList" time="6.435"/>
  <system-out/>
  <testcase classname="org.lastfm.project.LastFm" name="AddTrackInPlaylist" time="19.508"/>
  <system-out/>
  <testcase classname="org.lastfm.project.LastFm" name="RemoveSongFromPlaylist" time="11.429"/>
  <system-out/>
  <testcase classname="org.lastfm.project.LastFm" name="DeletePlaylist" time="5.418"/>
  <system-out/>
</testsuite> <!-- org.lastfm.project.LastFm -->
